<testsuites>
  <testsuite failures="0"
             errors="0"
             tests="1"
             name="00_compile_t"
             time="0.0817251205444336">
    <testcase time="0.0801870822906494" name="1 - use Example;"></testcase>
    <testcase time="0.00020599365234375" name="(teardown)" />
    <system-out><![CDATA[ok 1 - use Example;
1..1
]]></system-out>
    <system-err></system-err>
  </testsuite>
  <testsuite time="3.08882999420166"
             name="easy_01_easy_t"
             failures="0"
             tests="2"
             errors="0">
    <testcase time="1.07887387275696" name="1 - a + b = ab"></testcase>
    <testcase time="2.00789308547974" name="2 - str_concat"></testcase>
    <testcase name="(teardown)" time="0.0018150806427002" />
    <system-out><![CDATA[ok 1 - a + b = ab
# Subtest: str_concat
    ok 1 - a + dddd
    ok 2 - bb + ccc
    1..2
ok 2 - str_concat
1..2
]]></system-out>
    <system-err></system-err>
  </testsuite>
  <testsuite time="3.15373182296753"
             name="easy_02_easy_t"
             failures="0"
             tests="2"
             errors="0">
    <testcase time="1.1452579498291" name="1 - b + a = ba"></testcase>
    <testcase time="2.00479197502136" name="2 - str_concat_v2 {"></testcase>
    <testcase name="(teardown)" time="0.00275897979736328" />
    <system-out><![CDATA[ok 1 - b + a = ba
ok 2 - str_concat_v2 {
    ok 1 - a + dddd
    ok 2 - bb + ccc
    1..2
}
1..2
]]></system-out>
    <system-err></system-err>
  </testsuite>
  <testsuite failures="0"
             tests="4"
             errors="0"
             time="10.0879909992218"
             name="math_01_math_t">
    <testcase time="2.07322597503662" name="1 - add(1, 2) == 3"></testcase>
    <testcase name="2 - add" time="4.00348711013794"></testcase>
    <testcase name="3 - double" time="2.00474190711975"></testcase>
    <testcase time="2.00427794456482" name="4 - add(3, 2) == 5"></testcase>
    <testcase time="0.00197792053222656" name="(teardown)" />
    <system-out><![CDATA[ok 1 - add(1, 2) == 3
# Subtest: add
    ok 1 - 1 + 2
    ok 2 - 3 + 4
    1..2
ok 2 - add
# Subtest: double
    ok 1 - 1 + 2
    ok 2 - 3 + 2
    1..2
ok 3 - double
ok 4 - add(3, 2) == 5
1..4
]]></system-out>
    <system-err></system-err>
  </testsuite>
  <testsuite name="math_02_math_t"
             time="10.1330599784851"
             failures="0"
             errors="0"
             tests="4">
    <testcase time="2.11664199829102" name="1 - add(2, 1) == 3"></testcase>
    <testcase time="4.00336098670959" name="2 - add_v2 {"></testcase>
    <testcase time="2.00476002693176" name="3 - double_v2 {"></testcase>
    <testcase time="2.00517296791077" name="4 - add(2, 3) == 5"></testcase>
    <testcase name="(teardown)" time="0.000258922576904297" />
    <system-out><![CDATA[ok 1 - add(2, 1) == 3
ok 2 - add_v2 {
    ok 1 - 1 + 2
    ok 2 - 3 + 4
    1..2
}
ok 3 - double_v2 {
    ok 1 - 1 + 2
    ok 2 - 3 + 2
    1..2
}
ok 4 - add(2, 3) == 5
1..4
]]></system-out>
    <system-err></system-err>
  </testsuite>
</testsuites>