<?xml version='1.0' encoding='utf-8'?>
<testsuites>
  <testsuite name="t/math/02_math.t" errors="0" failures="0" skipped="0" tests="4" time="14.1583528518677">
    <system-out>ok 1 - add(2, 1) == 3
ok 2 - add_v2 {
    ok 1 - 1 + 2
    ok 2 - 3 + 4
    1..2
}
ok 3 - double_v2 {
    ok 1 - 1 + 2
    ok 2 - 3 + 2
    1..2
}
ok 4 - add(2, 3) == 5
1..4
</system-out>
    <testcase name="add(2, 1) == 3" classname="t/math/02_math.t" time="3.13528490066528" />
    <testcase name="add_v2 {" classname="t/math/02_math.t" time="6.00999307632446" />
    <testcase name="double_v2 {" classname="t/math/02_math.t" time="2.0075409412384" />
    <testcase name="add(2, 3) == 5" classname="t/math/02_math.t" time="3.00161218643188" />
  </testsuite>
  <testsuite name="t/easy/01_easy.t" errors="0" failures="0" skipped="0" tests="2" time="6.0937340259552">
    <system-out>ok 1 - a + b = ab
# Subtest: str_concat
    ok 1 - a + dddd
    ok 2 - bb + ccc
    1..2
ok 2 - str_concat
1..2
</system-out>
    <testcase name="a + b = ab" classname="t/easy/01_easy.t" time="2.08191800117493" />
    <testcase name="str_concat" classname="t/easy/01_easy.t" time="0.000343084335327148" />
  </testsuite>
  <testsuite name="t/00_compile.t" errors="0" failures="0" skipped="0" tests="1" time="0.0840229988098145">
    <system-out>ok 1 - use Example;
1..1
</system-out>
    <testcase name="use Example;" classname="t/00_compile.t" time="0.0824720859527588" />
  </testsuite>
  <testsuite name="t/math/01_math.t" errors="0" failures="0" skipped="0" tests="4" time="14.1415028572083">
    <system-out>ok 1 - add(1, 2) == 3
# Subtest: add
    ok 1 - 1 + 2
    ok 2 - 3 + 4
    1..2
ok 2 - add
# Subtest: double
    ok 1 - 1 + 2
    ok 2 - 3 + 2
    1..2
ok 3 - double
ok 4 - add(3, 2) == 5
1..4
</system-out>
    <testcase name="add(1, 2) == 3" classname="t/math/01_math.t" time="3.12599396705627" />
    <testcase name="add" classname="t/math/01_math.t" time="0.000331878662109375" />
    <testcase name="double" classname="t/math/01_math.t" time="0.000192165374755859" />
    <testcase name="add(3, 2) == 5" classname="t/math/01_math.t" time="3.0016028881073" />
  </testsuite>
  <testsuite name="t/easy/02_easy.t" errors="0" failures="0" skipped="0" tests="2" time="6.16689491271973">
    <system-out>ok 1 - b + a = ba
ok 2 - str_concat_v2 {
    ok 1 - a + dddd
    ok 2 - bb + ccc
    1..2
}
1..2
</system-out>
    <testcase name="b + a = ba" classname="t/easy/02_easy.t" time="2.15783786773682" />
    <testcase name="str_concat_v2 {" classname="t/easy/02_easy.t" time="4.00603795051575" />
  </testsuite>
</testsuites>
