<testsuites>
  <testsuite time="0.0630419254302979"
             tests="1"
             failures="0"
             name="t/00_compile.t"
             errors="0">
    <testcase time="0.0614309310913086" name="1 - use Example;"></testcase>
    <testcase time="0.00020599365234375" name="(teardown)" />
    <system-out><![CDATA[ok 1 - use Example;
1..1
]]></system-out>
    <system-err></system-err>
  </testsuite>
  <testsuite tests="2"
             time="4.16201090812683"
             errors="1"
             failures="2"
             name="t/fail/01_fail.t">
    <testcase name="1 - add(1, 2) == 5" time="2.06256890296936">
      <failure message="not ok 1 - add(1, 2) == 5"
               type="TestFailed"><![CDATA[not ok 1 - add(1, 2) == 5
# Subtest: add
    not ok 1 - 1 + 2
    1..1]]></failure>
    </testcase>
    <testcase name="2 - add" time="2.0989990234375">
      <failure type="TestFailed"
               message="not ok 2 - add"><![CDATA[not ok 2 - add]]></failure>
    </testcase>
    <testcase name="(teardown)" time="0.000442981719970703" />
    <system-out><![CDATA[not ok 1 - add(1, 2) == 5
# Subtest: add
    not ok 1 - 1 + 2
    1..1
not ok 2 - add
]]></system-out>
    <system-err><![CDATA[Dubious, test returned 2 (wstat 512, 0x200)
]]></system-err>
    <error message="Dubious, test returned 2 (wstat 512, 0x200)" />
  </testsuite>
  <testsuite time="4.18483400344849"
             tests="2"
             name="t/easy/01_easy.t"
             failures="0"
             errors="0">
    <testcase time="1.06426191329956" name="1 - a + b = ab"></testcase>
    <testcase time="3.110023021698" name="2 - str_concat"></testcase>
    <testcase name="(teardown)" time="0.0102798938751221" />
    <system-out><![CDATA[ok 1 - a + b = ab
# Subtest: str_concat
    ok 1 - a + dddd
    ok 2 - bb + ccc
    1..2
ok 2 - str_concat
1..2
]]></system-out>
    <system-err></system-err>
  </testsuite>
  <testsuite tests="2"
             time="4.1306619644165"
             errors="1"
             name="t/fail/02_fail.t"
             failures="2">
    <testcase time="2.10292506217957" name="1 - add(1, 2) == 5">
      <failure type="TestFailed"
               message="not ok 1 - add(1, 2) == 5"><![CDATA[not ok 1 - add(1, 2) == 5]]></failure>
    </testcase>
    <testcase name="2 - add {" time="2.00680088996887">
      <failure message="not ok 2 - add {"
               type="TestFailed"><![CDATA[not ok 2 - add {
    not ok 1 - 1 + 2
    1..1
}]]></failure>
    </testcase>
    <testcase name="(teardown)" time="0.0096440315246582" />
    <system-out><![CDATA[not ok 1 - add(1, 2) == 5
not ok 2 - add {
    not ok 1 - 1 + 2
    1..1
}
]]></system-out>
    <system-err><![CDATA[Dubious, test returned 2 (wstat 512, 0x200)
]]></system-err>
    <error message="Dubious, test returned 2 (wstat 512, 0x200)" />
  </testsuite>
  <testsuite tests="2"
             time="4.18984484672546"
             errors="0"
             failures="0"
             name="t/easy/02_easy.t">
    <testcase name="1 - b + a = ba" time="1.10998702049255"></testcase>
    <testcase name="2 - str_concat_v2 {" time="3.05732703208923"></testcase>
    <testcase time="0.000183820724487305" name="(teardown)" />
    <system-out><![CDATA[ok 1 - b + a = ba
ok 2 - str_concat_v2 {
    ok 1 - a + dddd
    ok 2 - bb + ccc
    1..2
}
1..2
]]></system-out>
    <system-err></system-err>
  </testsuite>
  <testsuite time="10.0873420238495"
             tests="4"
             failures="0"
             name="t/math/01_math.t"
             errors="0">
    <testcase name="1 - add(1, 2) == 3" time="2.07692694664001"></testcase>
    <testcase time="4.00362610816956" name="2 - add"></testcase>
    <testcase time="2.00308108329773" name="3 - double"></testcase>
    <testcase time="2.00138688087463" name="4 - add(3, 2) == 5"></testcase>
    <testcase name="(teardown)" time="0.0019989013671875" />
    <system-out><![CDATA[ok 1 - add(1, 2) == 3
# Subtest: add
    ok 1 - 1 + 2
    ok 2 - 3 + 4
    1..2
ok 2 - add
# Subtest: double
    ok 1 - 1 + 2
    ok 2 - 3 + 2
    1..2
ok 3 - double
ok 4 - add(3, 2) == 5
1..4
]]></system-out>
    <system-err></system-err>
  </testsuite>
  <testsuite time="10.137946844101"
             tests="4"
             name="t/math/02_math.t"
             failures="0"
             errors="0">
    <testcase time="2.11803984642029" name="1 - add(2, 1) == 3"></testcase>
    <testcase time="4.00750708580017" name="2 - add_v2 {"></testcase>
    <testcase time="2.00756406784058" name="3 - double_v2 {"></testcase>
    <testcase name="4 - add(2, 3) == 5" time="2.00198888778687"></testcase>
    <testcase name="(teardown)" time="0.000243902206420898" />
    <system-out><![CDATA[ok 1 - add(2, 1) == 3
ok 2 - add_v2 {
    ok 1 - 1 + 2
    ok 2 - 3 + 4
    1..2
}
ok 3 - double_v2 {
    ok 1 - 1 + 2
    ok 2 - 3 + 2
    1..2
}
ok 4 - add(2, 3) == 5
1..4
]]></system-out>
    <system-err></system-err>
  </testsuite>
</testsuites>