<?xml version='1.0' encoding='utf-8'?>
<testsuites>
  <testsuite name="t/math/01_math.t" errors="0" failures="0" skipped="0" tests="3" time="9.09097290039062">
    <system-out>ok 1 - add(1, 2) == 3
# Subtest: add
    ok 1 - 1 + 2
    ok 2 - 3 + 4
    1..2
ok 2 - add
# Subtest: double
    ok 1 - 1 + 2
    ok 2 - 3 + 2
    1..2
ok 3 - double
1..3
</system-out>
    <testcase name="add(1, 2) == 3" classname="t/math/01_math.t" time="3.07892990112305" />
    <testcase name="add" classname="t/math/01_math.t" time="0.000251054763793945" />
    <testcase name="double" classname="t/math/01_math.t" time="0.000173091888427734" />
  </testsuite>
  <testsuite name="t/00_compile.t" errors="0" failures="0" skipped="0" tests="1" time="0.0690181255340576">
    <system-out>ok 1 - use Example;
1..1
</system-out>
    <testcase name="use Example;" classname="t/00_compile.t" time="0.0675151348114014" />
  </testsuite>
  <testsuite name="t/easy/01_easy.t" errors="0" failures="0" skipped="0" tests="2" time="30.1507389545441">
    <system-out>ok 1 - a + b = ab
ok 2 - str_concat {
    ok 1 - a + dddd
    ok 2 - bb + ccc
    1..2
}
1..2
</system-out>
    <testcase name="a + b = ab" classname="t/easy/01_easy.t" time="10.1405298709869" />
    <testcase name="str_concat {" classname="t/easy/01_easy.t" time="20.0071830749512" />
  </testsuite>
</testsuites>
