<?xml version='1.0' encoding='utf-8'?>
<testsuites>
  <testsuite name="t/easy/02_easy.t" errors="0" failures="0" skipped="0" tests="2" time="6.17125415802002">
    <system-out># Seeded srand with seed '20230706' from local date.
ok 1 - b + a = ba
ok 2 - str_concat_v2 {
    ok 1 - a + dddd
    ok 2 - bb + ccc
    1..2
}
1..2
</system-out>
    <testcase name="b + a = ba" classname="t/easy/02_easy.t" time="0.00019383430480957" />
    <testcase name="str_concat_v2 {" classname="t/easy/02_easy.t" time="4.0095009803772" />
  </testsuite>
  <testsuite name="t/00_compile.t" errors="0" failures="0" skipped="0" tests="1" time="0.0788278579711914">
    <system-out>ok 1 - use Example;
1..1
</system-out>
    <testcase name="use Example;" classname="t/00_compile.t" time="0.0774078369140625" />
  </testsuite>
  <testsuite name="t/easy/01_easy.t" errors="0" failures="0" skipped="0" tests="2" time="6.07812905311584">
    <system-out>ok 1 - a + b = ab
# Subtest: str_concat
    ok 1 - a + dddd
    ok 2 - bb + ccc
    1..2
ok 2 - str_concat
1..2
</system-out>
    <testcase name="a + b = ab" classname="t/easy/01_easy.t" time="2.07004308700562" />
    <testcase name="str_concat" classname="t/easy/01_easy.t" time="0.000216007232666016" />
  </testsuite>
  <testsuite name="t/math/02_math.t" errors="0" failures="0" skipped="0" tests="4" time="14.1274809837341">
    <system-out># Seeded srand with seed '20230706' from local date.
ok 1 - add(2, 1) == 3
ok 2 - add_v2 {
    ok 1 - 1 + 2
    ok 2 - 3 + 4
    1..2
}
ok 3 - double_v2 {
    ok 1 - 1 + 2
    ok 2 - 3 + 2
    1..2
}
ok 4 - add(2, 3) == 5
1..4
</system-out>
    <testcase name="add(2, 1) == 3" classname="t/math/02_math.t" time="0.000229835510253906" />
    <testcase name="add_v2 {" classname="t/math/02_math.t" time="6.00394511222839" />
    <testcase name="double_v2 {" classname="t/math/02_math.t" time="2.00525403022766" />
    <testcase name="add(2, 3) == 5" classname="t/math/02_math.t" time="3.00036597251892" />
  </testsuite>
  <testsuite name="t/math/01_math.t" errors="0" failures="0" skipped="0" tests="4" time="14.0891668796539">
    <system-out>ok 1 - add(1, 2) == 3
# Subtest: add
    ok 1 - 1 + 2
    ok 2 - 3 + 4
    1..2
ok 2 - add
# Subtest: double
    ok 1 - 1 + 2
    ok 2 - 3 + 2
    1..2
ok 3 - double
ok 4 - add(3, 2) == 5
1..4
</system-out>
    <testcase name="add(1, 2) == 3" classname="t/math/01_math.t" time="3.07583594322205" />
    <testcase name="add" classname="t/math/01_math.t" time="0.000296831130981445" />
    <testcase name="double" classname="t/math/01_math.t" time="0.000149965286254883" />
    <testcase name="add(3, 2) == 5" classname="t/math/01_math.t" time="3.00204300880432" />
  </testsuite>
</testsuites>
